Compiling cust/ap_pub.c ...
Compiling cust/cJSON/cJSON.c ...
In file included from cust/cJSON/cJSON.c:35:
cust/cJSON/..\xMem\xMem.h:41:31: warning: backslash and newline separated by space
cust/cJSON/cJSON.c: In function 'parse_hex4':
cust/cJSON/cJSON.c:122: warning: conversion to 'unsigned int' from 'int' may change the sign of the result
cust/cJSON/cJSON.c:122: warning: conversion to 'unsigned int' from 'int' may change the sign of the result
cust/cJSON/cJSON.c:122: warning: conversion to 'unsigned int' from 'int' may change the sign of the result
cust/cJSON/cJSON.c:124: warning: conversion to 'unsigned int' from 'int' may change the sign of the result
cust/cJSON/cJSON.c:124: warning: conversion to 'unsigned int' from 'int' may change the sign of the result
cust/cJSON/cJSON.c:124: warning: conversion to 'unsigned int' from 'int' may change the sign of the result
cust/cJSON/cJSON.c:126: warning: conversion to 'unsigned int' from 'int' may change the sign of the result
cust/cJSON/cJSON.c:126: warning: conversion to 'unsigned int' from 'int' may change the sign of the result
cust/cJSON/cJSON.c:126: warning: conversion to 'unsigned int' from 'int' may change the sign of the result
cust/cJSON/cJSON.c:128: warning: conversion to 'unsigned int' from 'int' may change the sign of the result
cust/cJSON/cJSON.c:128: warning: conversion to 'unsigned int' from 'int' may change the sign of the result
cust/cJSON/cJSON.c:128: warning: conversion to 'unsigned int' from 'int' may change the sign of the result
cust/cJSON/cJSON.c: In function 'parse_string':
cust/cJSON/cJSON.c:141: warning: conversion to 'size_t' from 'int' may change the sign of the result
cust/cJSON/cJSON.c:175: warning: conversion to 'char' from 'unsigned int' may alter its value
cust/cJSON/cJSON.c:176: warning: conversion to 'char' from 'unsigned int' may alter its value
cust/cJSON/cJSON.c:177: warning: conversion to 'char' from 'unsigned int' may alter its value
cust/cJSON/cJSON.c:178: warning: conversion to 'char' from 'unsigned int' may alter its value
cust/cJSON/cJSON.c: At top level:
cust/cJSON/cJSON.c:50: warning: 'cJSON_strdup' defined but not used
Compiling cust/dev/curtain.c ...
Compiling cust/dev/dev.c ...
cust/dev/dev.c: In function 'IoT_AppFunction_Ctrl':
cust/dev/dev.c:703: warning: unused parameter 'pID'
cust/dev/dev.c:703: warning: unused parameter 'pt'
cust/dev/dev.c:703: warning: unused parameter 'pv'
cust/dev/dev.c:703: warning: unused parameter 'phfe'
cust/dev/dev.c:703: warning: unused parameter 'pn'
cust/dev/dev.c: In function 'IoT_AppFunction_Query':
cust/dev/dev.c:704: warning: unused parameter 'pID'
cust/dev/dev.c:704: warning: unused parameter 'pt'
cust/dev/dev.c:704: warning: unused parameter 'pn'
cust/dev/dev.c: In function 'onDataReceived':
cust/dev/dev.c:705: warning: unused parameter 'opCode'
cust/dev/dev.c:705: warning: unused parameter 'json'
Compiling cust/dev/fish_tank.c ...
Compiling cust/dev/light.c ...
cust/dev/light.c:14: warning: 'lightPollTimer' defined but not used
Compiling cust/dev/wifioutlet.c ...
Compiling cust/iot_aes_pub.c ...
cust/iot_aes_pub.c: In function 'AES_Sample':
cust/iot_aes_pub.c:131: warning: conversion to 'UINT16' from 'UINT32' may alter its value
cust/iot_aes_pub.c:132: warning: conversion to 'UINT16' from 'UINT32' may alter its value
cust/iot_aes_pub.c:77: warning: unused variable 'PlainLen'
Compiling cust/iot_at_cmd.c ...
cust/iot_at_cmd.c: In function 'IoT_exec_AT_cmd_ATE_Cal2':
cust/iot_at_cmd.c:210: warning: implicit declaration of function 'MT7681_Set_ATE_TX_BW_Proc'
cust/iot_at_cmd.c:236: warning: implicit declaration of function 'Set_ATE_TX_PAYLOAD_LEN'
cust/iot_at_cmd.c:248: warning: implicit declaration of function 'Set_ATE_TX_Speed_Proc'
cust/iot_at_cmd.c:254: warning: implicit declaration of function 'Set_ATE_TX_Cnt_Per_Speed'
cust/iot_at_cmd.c:260: warning: implicit declaration of function 'Set_ATE_RX_DURATION'
cust/iot_at_cmd.c: In function 'RTMPIoctlE2PROM':
cust/iot_at_cmd.c:299: warning: conversion to 'UINT32' from 'long int' may change the sign of the result
cust/iot_at_cmd.c:315: warning: conversion to 'INT16' from 'int' may alter its value
cust/iot_at_cmd.c:316: warning: conversion to 'size_t' from 'INT16' may change the sign of the result
cust/iot_at_cmd.c:317: warning: conversion to 'UINT32' from 'long int' may change the sign of the result
cust/iot_at_cmd.c:321: warning: conversion to 'INT16' from 'int' may alter its value
cust/iot_at_cmd.c:323: warning: conversion to 'size_t' from 'INT16' may change the sign of the result
cust/iot_at_cmd.c:324: warning: conversion to 'UINT32' from 'long int' may change the sign of the result
cust/iot_at_cmd.c: In function 'ATE_CMD_CALI_SET_HANDLE':
cust/iot_at_cmd.c:369: warning: conversion to 'INT16' from 'int' may alter its value
cust/iot_at_cmd.c:370: warning: conversion to 'size_t' from 'INT16' may change the sign of the result
cust/iot_at_cmd.c:373: warning: conversion to 'INT16' from 'int' may alter its value
cust/iot_at_cmd.c:378: warning: conversion to 'long unsigned int' from 'INT16' may change the sign of the result
cust/iot_at_cmd.c:382: warning: implicit declaration of function 'ATE_INIT'
cust/iot_at_cmd.c:386: warning: implicit declaration of function 'ATE_TXFRAME'
cust/iot_at_cmd.c:390: warning: implicit declaration of function 'ATE_RXFRAME'
cust/iot_at_cmd.c:394: warning: implicit declaration of function 'ATE_STOP'
cust/iot_at_cmd.c:397: warning: conversion to 'long unsigned int' from 'INT16' may change the sign of the result
cust/iot_at_cmd.c:404: warning: conversion to 'long unsigned int' from 'INT16' may change the sign of the result
cust/iot_at_cmd.c:411: warning: conversion to 'long unsigned int' from 'INT16' may change the sign of the result
cust/iot_at_cmd.c:418: warning: conversion to 'long unsigned int' from 'INT16' may change the sign of the result
cust/iot_at_cmd.c:425: warning: conversion to 'long unsigned int' from 'INT16' may change the sign of the result
cust/iot_at_cmd.c:432: warning: conversion to 'long unsigned int' from 'INT16' may change the sign of the result
cust/iot_at_cmd.c:439: warning: conversion to 'long unsigned int' from 'INT16' may change the sign of the result
cust/iot_at_cmd.c:446: warning: conversion to 'long unsigned int' from 'INT16' may change the sign of the result
cust/iot_at_cmd.c:453: warning: conversion to 'long unsigned int' from 'INT16' may change the sign of the result
cust/iot_at_cmd.c:460: warning: conversion to 'long unsigned int' from 'INT16' may change the sign of the result
cust/iot_at_cmd.c:464: warning: conversion to 'long unsigned int' from 'INT16' may change the sign of the result
cust/iot_at_cmd.c:468: warning: conversion to 'long unsigned int' from 'INT16' may change the sign of the result
cust/iot_at_cmd.c:472: warning: conversion to 'long unsigned int' from 'INT16' may change the sign of the result
cust/iot_at_cmd.c: In function 'IoT_exec_AT_cmd_ATE_Cal':
cust/iot_at_cmd.c:553: warning: conversion to 'INT16' from 'int' may alter its value
cust/iot_at_cmd.c:555: warning: conversion to 'INT16' from 'int' may alter its value
cust/iot_at_cmd.c:557: warning: conversion to 'size_t' from 'INT16' may change the sign of the result
cust/iot_at_cmd.c:562: warning: conversion to 'long unsigned int' from 'INT16' may change the sign of the result
cust/iot_at_cmd.c:566: warning: conversion to 'long unsigned int' from 'INT16' may change the sign of the result
cust/iot_at_cmd.c:568: warning: implicit declaration of function 'ATE_CMD_CALI_STAT'
cust/iot_at_cmd.c: In function 'IoT_exec_AT_cmd_netmode':
cust/iot_at_cmd.c:766: warning: unused parameter 'command_buffer'
cust/iot_at_cmd.c:766: warning: unused parameter 'at_cmd_len'
cust/iot_at_cmd.c: In function 'IoT_exec_AT_cmd_Fac_IDMac':
cust/iot_at_cmd.c:1056: warning: pointer targets in initialization differ in signedness
cust/iot_at_cmd.c:1061: warning: passing argument 4 of 'split_string_cmd' from incompatible pointer type
src/include/api/iot_api.h:1209: note: expected 'char **' but argument is of type 'CHAR **'
cust/iot_at_cmd.c:1063: warning: passing argument 2 of 'getopt' from incompatible pointer type
src/include/api/iot_api.h:1211: note: expected 'char **' but argument is of type 'CHAR **'
cust/iot_at_cmd.c:1063: warning: pointer targets in passing argument 3 of 'getopt' differ in signedness
src/include/api/iot_api.h:1211: note: expected 'char *' but argument is of type 'CHAR *'
cust/iot_at_cmd.c:1075: warning: conversion to 'INT32' from 'size_t' may change the sign of the result
cust/iot_at_cmd.c:1080: warning: conversion to 'USHORT' from 'INT32' may alter its value
cust/iot_at_cmd.c:1080: warning: conversion to 'UINT8' from 'char' may change the sign of the result
cust/iot_at_cmd.c:1091: warning: passing argument 2 of 'getopt' from incompatible pointer type
src/include/api/iot_api.h:1211: note: expected 'char **' but argument is of type 'CHAR **'
cust/iot_at_cmd.c:1091: warning: pointer targets in passing argument 3 of 'getopt' differ in signedness
src/include/api/iot_api.h:1211: note: expected 'char *' but argument is of type 'CHAR *'
cust/iot_at_cmd.c:1093: warning: pointer targets in passing argument 1 of 'IoT_uart_output' differ in signedness
src/include/api/iot_api.h:967: note: expected 'UCHAR *' but argument is of type 'char *'
cust/iot_at_cmd.c: In function 'IoT_exec_AT_cmd_Fac_OEM':
cust/iot_at_cmd.c:1113: warning: conversion to 'UINT8' from 'size_t' may alter its value
cust/iot_at_cmd.c:1114: warning: conversion to 'UINT8' from 'int' may alter its value
cust/iot_at_cmd.c:1146: warning: pointer targets in passing argument 1 of 'IoT_uart_output' differ in signedness
src/include/api/iot_api.h:967: note: expected 'UCHAR *' but argument is of type 'char *'
cust/iot_at_cmd.c: In function 'IoT_parse_ATcommand':
cust/iot_at_cmd.c:1493: warning: implicit declaration of function 'IoT_Xmodem_Update_FW_Start'
cust/iot_at_cmd.c:1495: warning: implicit declaration of function 'IoT_Xmodem_Update_FW_Stop'
cust/iot_at_cmd.c:1267: warning: unused variable 'cTypeLen'
cust/iot_at_cmd.c: In function 'IoT_parse_SHCmd':
cust/iot_at_cmd.c:1533: warning: pointer targets in passing argument 1 of '_hexToByte' differ in signedness
cust/.\utils\wld_utils.h:53: note: expected 'char *' but argument is of type 'PCHAR'
cust/iot_at_cmd.c:1536: warning: conversion to 'UINT8' from 'int' may alter its value
cust/iot_at_cmd.c:1543: warning: pointer targets in passing argument 1 of '_hexToByte' differ in signedness
cust/.\utils\wld_utils.h:53: note: expected 'char *' but argument is of type 'PCHAR'
cust/iot_at_cmd.c:1531: warning: unused variable 'scale'
cust/iot_at_cmd.c:1528: warning: unused variable 'ch'
cust/iot_at_cmd.c: In function 'RTMPIoctlE2PROM':
cust/iot_at_cmd.c:339: warning: control reaches end of non-void function
Compiling cust/iot_at_cmd_tcpip.c ...
Compiling cust/iot_at_cmd_utility.c ...
cust/iot_at_cmd_utility.c: In function 'strchr':
cust/iot_at_cmd_utility.c:44: warning: cast discards qualifiers from pointer target type
cust/iot_at_cmd_utility.c: In function 'getopt':
cust/iot_at_cmd_utility.c:137: warning: conversion to 'char' from 'int' may alter its value
cust/iot_at_cmd_utility.c:158: warning: conversion to 'char' from 'int' may alter its value
Compiling cust/iot_crc16.c ...
Compiling cust/iot_custom.c ...
cust/iot_custom.c: In function 'IoT_Cust_Sub_Task':
cust/iot_custom.c:215: warning: implicit declaration of function 'onDeviceProcessTask'
cust/iot_custom.c: In function 'IoT_Cust_Init':
cust/iot_custom.c:295: warning: implicit declaration of function 'onDeviceInit'
cust/iot_custom.c: In function 'CustTimer0TimeoutAction':
cust/iot_custom.c:300: warning: unused parameter 'param'
cust/iot_custom.c:300: warning: unused parameter 'param2'
cust/iot_custom.c: In function 'IoT_Cust_SMNT_Sta_Chg_Init':
cust/iot_custom.c:805: warning: implicit declaration of function 'SMTCN_state_chg_init'
cust/iot_custom.c: In function 'IoT_Cust_SM_Smnt':
cust/iot_custom.c:834: warning: implicit declaration of function 'SMTCN_process'
Compiling cust/iot_custom_uart2wifi.c ...
Compiling cust/iot_fota.c ...
cust/iot_fota.c: In function 'IoT_OTA_Update_FW':
cust/iot_fota.c:70: warning: conversion to 'int' from 'unsigned int' may change the sign of the result
cust/iot_fota.c:75: warning: comparison between signed and unsigned integer expressions
cust/iot_fota.c:38: warning: unused variable 'crc'
Compiling cust/iot_parse_conn_mgmt.c ...
Compiling cust/iot_uart_rb.c ...
cust/iot_uart_rb.c: In function 'UART_PutBytes':
cust/iot_uart_rb.c:74: warning: initialization discards qualifiers from pointer target type
cust/iot_uart_rb.c:86: warning: conversion to 'kal_uint16' from 'int' may alter its value
cust/iot_uart_rb.c:86: warning: conversion to 'kal_uint16' from 'int' may alter its value
cust/iot_uart_rb.c:97: warning: conversion to 'kal_uint16' from 'int' may alter its value
cust/iot_uart_rb.c: In function 'UART_Rx_Cb':
cust/iot_uart_rb.c:211: warning: conversion to 'kal_uint16' from 'int' may alter its value
cust/iot_uart_rb.c:211: warning: conversion to 'kal_uint16' from 'int' may alter its value
cust/iot_uart_rb.c:279: warning: conversion to 'kal_uint16' from 'int' may alter its value
cust/iot_uart_rb.c:348: warning: conversion to 'kal_uint16' from 'int' may alter its value
cust/iot_uart_rb.c:348: warning: conversion to 'kal_uint16' from 'int' may alter its value
cust/iot_uart_rb.c:348: warning: conversion to 'kal_uint16' from 'int' may alter its value
cust/iot_uart_rb.c:350: warning: conversion to 'kal_uint16' from 'int' may alter its value
cust/iot_uart_rb.c: In function 'UART_Rx_Packet_Dispatch':
cust/iot_uart_rb.c:404: warning: conversion to 'kal_uint16' from 'int' may alter its value
cust/iot_uart_rb.c:423: warning: conversion to 'INT16' from 'UINT16' may change the sign of the result
cust/iot_uart_rb.c:426: warning: conversion to 'INT16' from 'UINT16' may change the sign of the result
cust/iot_uart_rb.c:430: warning: implicit declaration of function 'IoT_parse_SHCmd'
Compiling cust/iot_uplink.c ...
cust/iot_uplink.c: In function 'IoT_build_app_response_header':
cust/iot_uplink.c:69: warning: conversion to 'unsigned char:4' from 'UINT_8' may alter its value
cust/iot_uplink.c: In function 'IoT_check_sum':
cust/iot_uplink.c:80: warning: cast increases required alignment of target type
cust/iot_uplink.c:96: warning: conversion to 'short unsigned int' from 'long unsigned int' may alter its value
cust/iot_uplink.c: In function 'IoT_Udppseudo_check_sum':
cust/iot_uplink.c:115: warning: conversion to 'UINT16' from 'int' may alter its value
cust/iot_uplink.c:117: warning: conversion to 'UINT16' from 'int' may alter its value
cust/iot_uplink.c:122: warning: conversion to 'UCHAR' from 'int' may alter its value
cust/iot_uplink.c:123: warning: conversion to 'UCHAR' from 'int' may alter its value
cust/iot_uplink.c: In function 'IoT_build_send_udp_packet':
cust/iot_uplink.c:230: warning: conversion to 'UINT16' from 'unsigned int' may alter its value
cust/iot_uplink.c: In function 'IoT_send_udp_directly':
cust/iot_uplink.c:290: warning: conversion to 'UCHAR' from 'short unsigned int' may alter its value
cust/iot_uplink.c:291: warning: conversion to 'UCHAR' from 'short unsigned int' may alter its value
cust/iot_uplink.c:292: warning: conversion to 'UCHAR' from 'short unsigned int' may alter its value
cust/iot_uplink.c:293: warning: conversion to 'UCHAR' from 'short unsigned int' may alter its value
cust/iot_uplink.c:296: warning: conversion to 'UCHAR' from 'short unsigned int' may alter its value
cust/iot_uplink.c:297: warning: conversion to 'UCHAR' from 'short unsigned int' may alter its value
cust/iot_uplink.c:298: warning: conversion to 'UCHAR' from 'short unsigned int' may alter its value
cust/iot_uplink.c:299: warning: conversion to 'UCHAR' from 'short unsigned int' may alter its value
cust/iot_uplink.c:342: warning: conversion to 'UINT16' from 'unsigned int' may alter its value
Compiling cust/iot_xmodem.c ...
cust/iot_xmodem.c: In function 'crc16_ccitt':
cust/iot_xmodem.c:53: warning: conversion to 'unsigned char' from 'int' may alter its value
cust/iot_xmodem.c:53: warning: conversion to 'short unsigned int' from 'UINT32' may alter its value
cust/iot_xmodem.c: In function 'port_inbyte':
cust/iot_xmodem.c:67: warning: conversion to 'int' from 'unsigned int' may change the sign of the result
cust/iot_xmodem.c: In function 'check':
cust/iot_xmodem.c:92: warning: conversion to 'short unsigned int' from 'int' may alter its value
cust/iot_xmodem.c:103: warning: conversion to 'unsigned char' from 'int' may alter its value
cust/iot_xmodem.c: In function 'IoT_xmodemReceive':
cust/iot_xmodem.c:219: warning: conversion to 'size_t' from 'int' may change the sign of the result
cust/iot_xmodem.c: In function 'IoT_xmodemTransmit':
cust/iot_xmodem.c:303: warning: conversion to 'unsigned char' from 'int' may alter its value
cust/iot_xmodem.c:305: warning: conversion to 'unsigned char' from 'int' may alter its value
cust/iot_xmodem.c:306: warning: conversion to 'unsigned char' from 'int' may alter its value
cust/iot_xmodem.c:308: warning: comparison is always true due to limited range of data type
cust/iot_xmodem.c:311: warning: conversion to 'size_t' from 'int' may change the sign of the result
cust/iot_xmodem.c:326: warning: conversion to 'unsigned char' from 'short unsigned int' may alter its value
cust/iot_xmodem.c:327: warning: conversion to 'unsigned char' from 'short unsigned int' may alter its value
cust/iot_xmodem.c:334: warning: conversion to 'unsigned char' from 'int' may alter its value
cust/iot_xmodem.c: In function 'IoT_Xmodem_Update_FW':
cust/iot_xmodem.c:544: warning: conversion to 'int' from 'unsigned int' may change the sign of the result
cust/iot_xmodem.c:561: warning: conversion to 'uint32' from 'int' may change the sign of the result
Compiling cust/main_pub.c ...
cust/main_pub.c: In function 'main':
cust/main_pub.c:104: warning: implicit declaration of function 'sysTASK_RegTask'
Compiling cust/misc_pub.c ...
Compiling cust/mt7681_ChSw_pub.c ...
Compiling cust/network/tcp_FOTA.c ...
Compiling cust/network/udp_client.c ...
cust/network/udp_client.c: In function 'updateFWRequest':
cust/network/udp_client.c:68: warning: pointer targets in assignment differ in signedness
cust/network/udp_client.c:75: warning: pointer targets in passing argument 2 of 'xJSON_InitObject' differ in signedness
cust/network/..\xJSON\xJSON.h:11: note: expected 'char *' but argument is of type 'PCHAR'
cust/network/udp_client.c:84: warning: pointer targets in passing argument 3 of 'xJSON_putString' differ in signedness
cust/network/..\xJSON\xJSON.h:13: note: expected 'char *' but argument is of type 'UCHAR *'
cust/network/udp_client.c:88: warning: conversion to 'short int' from 'INT32' may alter its value
cust/network/udp_client.c:89: warning: conversion to 'unsigned int' from 'int' may change the sign of the result
cust/network/udp_client.c:89: warning: conversion to 'u16_t' from 'unsigned int' may alter its value
cust/network/udp_client.c: In function 'udp_client_process':
cust/network/udp_client.c:168: warning: implicit declaration of function 'resolv_query'
cust/network/udp_client.c:178: warning: implicit declaration of function 'dhcpc_requestAgain'
cust/network/udp_client.c: In function 'IoT_RCTRL_PacketHeaderBuild':
cust/network/udp_client.c:199: warning: conversion to 'short unsigned int' from 'short int' may change the sign of the result
cust/network/udp_client.c:201: warning: conversion to 'short unsigned int' from 'short int' may change the sign of the result
cust/network/udp_client.c:207: warning: conversion to 'unsigned int' from 'int' may change the sign of the result
cust/network/udp_client.c: In function 'updateFWResultAck':
cust/network/udp_client.c:215: warning: pointer targets in passing argument 2 of 'xJSON_InitObject' differ in signedness
cust/network/..\xJSON\xJSON.h:11: note: expected 'char *' but argument is of type 'PUCHAR'
cust/network/udp_client.c:228: warning: conversion to 'short int' from 'INT32' may alter its value
cust/network/udp_client.c:229: warning: conversion to 'unsigned int' from 'int' may change the sign of the result
cust/network/udp_client.c:229: warning: conversion to 'u16_t' from 'unsigned int' may alter its value
cust/network/udp_client.c: In function 'updateFWAsk':
cust/network/udp_client.c:238: warning: pointer targets in passing argument 2 of 'xJSON_InitObject' differ in signedness
cust/network/..\xJSON\xJSON.h:11: note: expected 'char *' but argument is of type 'PUCHAR'
cust/network/udp_client.c:252: warning: pointer targets in passing argument 3 of 'xJSON_putString' differ in signedness
cust/network/..\xJSON\xJSON.h:13: note: expected 'char *' but argument is of type 'UCHAR *'
cust/network/udp_client.c:256: warning: conversion to 'short int' from 'INT32' may alter its value
cust/network/udp_client.c:258: warning: conversion to 'unsigned int' from 'int' may change the sign of the result
cust/network/udp_client.c:258: warning: conversion to 'u16_t' from 'unsigned int' may alter its value
cust/network/udp_client.c: In function 'devRegister':
cust/network/udp_client.c:270: warning: pointer targets in passing argument 1 of 'atoi' differ in signedness
src/include/api/iot_api.h:949: note: expected 'const int8 *' but argument is of type 'UCHAR *'
cust/network/udp_client.c:270: warning: conversion to 'UINT16' from 'INT32' may alter its value
cust/network/udp_client.c:272: warning: pointer targets in passing argument 2 of 'xJSON_InitObject' differ in signedness
cust/network/..\xJSON\xJSON.h:11: note: expected 'char *' but argument is of type 'PUCHAR'
cust/network/udp_client.c:273: warning: pointer targets in passing argument 3 of 'xJSON_putString' differ in signedness
cust/network/..\xJSON\xJSON.h:13: note: expected 'char *' but argument is of type 'UCHAR *'
cust/network/udp_client.c:275: warning: pointer targets in passing argument 3 of 'xJSON_putString' differ in signedness
cust/network/..\xJSON\xJSON.h:13: note: expected 'char *' but argument is of type 'CHAR *'
cust/network/udp_client.c:298: warning: conversion to 'short int' from 'INT32' may alter its value
cust/network/udp_client.c:299: warning: conversion to 'unsigned int' from 'int' may change the sign of the result
cust/network/udp_client.c:299: warning: conversion to 'u16_t' from 'unsigned int' may alter its value
cust/network/udp_client.c: In function 'udp_client_parse':
cust/network/udp_client.c:367: warning: implicit declaration of function 'xor'
cust/network/udp_client.c:368: warning: pointer targets in passing argument 1 of 'cJSON_Parse' differ in signedness
cust/network/..\cJSON\cJSON.h:62: note: expected 'const char *' but argument is of type 'PCHAR'
cust/network/udp_client.c:551: warning: suggest braces around empty body in an 'if' statement
cust/network/udp_client.c:565: warning: assignment from incompatible pointer type
cust/network/udp_client.c:573: warning: passing argument 1 of 'atoi' from incompatible pointer type
src/include/api/iot_api.h:949: note: expected 'const int8 *' but argument is of type 'CHAR **'
cust/network/udp_client.c:573: warning: conversion to 'UINT8' from 'INT32' may alter its value
cust/network/udp_client.c:583: warning: passing argument 1 of 'strlen' from incompatible pointer type
src/include/string.h:25: note: expected 'const char *' but argument is of type 'CHAR **'
cust/network/udp_client.c:583: warning: passing argument 1 of 'strlen' from incompatible pointer type
src/include/string.h:25: note: expected 'const char *' but argument is of type 'CHAR **'
cust/network/udp_client.c:586: warning: passing argument 1 of 'atoi' from incompatible pointer type
src/include/api/iot_api.h:949: note: expected 'const int8 *' but argument is of type 'CHAR **'
cust/network/udp_client.c:586: warning: conversion to 'UINT16' from 'INT32' may alter its value
cust/network/udp_client.c:590: warning: passing argument 1 of 'strlen' from incompatible pointer type
src/include/string.h:25: note: expected 'const char *' but argument is of type 'CHAR **'
cust/network/udp_client.c:590: warning: passing argument 1 of 'strlen' from incompatible pointer type
src/include/string.h:25: note: expected 'const char *' but argument is of type 'CHAR **'
cust/network/udp_client.c:593: warning: passing argument 1 of 'atoi' from incompatible pointer type
src/include/api/iot_api.h:949: note: expected 'const int8 *' but argument is of type 'CHAR **'
cust/network/udp_client.c:593: warning: conversion to 'UINT32' from 'INT32' may change the sign of the result
cust/network/udp_client.c:596: warning: passing argument 1 of 'atoi' from incompatible pointer type
src/include/api/iot_api.h:949: note: expected 'const int8 *' but argument is of type 'CHAR **'
cust/network/udp_client.c:596: warning: conversion to 'INT16' from 'INT32' may alter its value
cust/network/udp_client.c:600: warning: passing argument 1 of 'strlen' from incompatible pointer type
src/include/string.h:25: note: expected 'const char *' but argument is of type 'CHAR **'
cust/network/udp_client.c:600: warning: passing argument 1 of 'strlen' from incompatible pointer type
src/include/string.h:25: note: expected 'const char *' but argument is of type 'CHAR **'
cust/network/udp_client.c:611: warning: implicit declaration of function 'FOTAconnect'
cust/network/udp_client.c:625: warning: conversion to 'INT32' from 'unsigned int' may change the sign of the result
cust/network/udp_client.c:626: warning: conversion to 'size_t' from 'INT32' may change the sign of the result
cust/network/udp_client.c:627: warning: conversion to 'unsigned int' from 'INT32' may change the sign of the result
cust/network/udp_client.c:627: warning: conversion to 'INT32' from 'unsigned int' may change the sign of the result
cust/network/udp_client.c:635: warning: pointer targets in passing argument 2 of 'onDeviceStatusQuery' differ in signedness
cust/network/..\dev\dev.h:17: note: expected 'UINT32 *' but argument is of type 'INT32 *'
cust/network/udp_client.c:639: warning: conversion to 'unsigned int' from 'INT32' may change the sign of the result
cust/network/udp_client.c:639: warning: conversion to 'INT32' from 'unsigned int' may change the sign of the result
cust/network/udp_client.c:653: warning: assignment from incompatible pointer type
cust/network/udp_client.c:662: warning: passing argument 1 of 'strlen' from incompatible pointer type
src/include/string.h:25: note: expected 'const char *' but argument is of type 'CHAR **'
cust/network/udp_client.c:662: warning: implicit declaration of function 'isHexString'
cust/network/udp_client.c:663: warning: passing argument 1 of 'strlen' from incompatible pointer type
src/include/string.h:25: note: expected 'const char *' but argument is of type 'CHAR **'
cust/network/udp_client.c:666: warning: passing argument 1 of '_hexToByte' from incompatible pointer type
cust/network/..\utils\wld_utils.h:53: note: expected 'char *' but argument is of type 'CHAR **'
cust/network/udp_client.c:673: warning: passing argument 1 of '_hexToByte' from incompatible pointer type
cust/network/..\utils\wld_utils.h:53: note: expected 'char *' but argument is of type 'CHAR **'
cust/network/udp_client.c:699: warning: assignment from incompatible pointer type
cust/network/udp_client.c:700: warning: passing argument 1 of 'strlen' from incompatible pointer type
src/include/string.h:25: note: expected 'const char *' but argument is of type 'CHAR **'
cust/network/udp_client.c:703: warning: passing argument 1 of '_hexToByte' from incompatible pointer type
cust/network/..\utils\wld_utils.h:53: note: expected 'char *' but argument is of type 'CHAR **'
cust/network/udp_client.c:719: warning: conversion to 'short unsigned int' from 'INT32' may alter its value
cust/network/udp_client.c:725: warning: pointer targets in assignment differ in signedness
cust/network/udp_client.c:750: warning: assignment from incompatible pointer type
cust/network/udp_client.c:759: warning: passing argument 1 of 'strlen' from incompatible pointer type
src/include/string.h:25: note: expected 'const char *' but argument is of type 'CHAR **'
cust/network/udp_client.c:759: warning: conversion to 'INT32' from 'size_t' may change the sign of the result
cust/network/udp_client.c:762: warning: conversion to 'size_t' from 'INT32' may change the sign of the result
cust/network/udp_client.c:763: warning: conversion to 'UINT16' from 'INT32' may alter its value
cust/network/udp_client.c:764: warning: conversion to 'UINT16' from 'INT32' may alter its value
cust/network/udp_client.c:773: warning: pointer targets in passing argument 2 of 'xJSON_InitObject' differ in signedness
cust/network/..\xJSON\xJSON.h:11: note: expected 'char *' but argument is of type 'PUCHAR'
cust/network/udp_client.c:783: warning: implicit declaration of function 'xJSON_putAvailableVer'
cust/network/udp_client.c:788: warning: conversion to 'short int' from 'short unsigned int' may change the sign of the result
cust/network/udp_client.c:789: warning: conversion to 'unsigned int' from 'int' may change the sign of the result
cust/network/udp_client.c:789: warning: conversion to 'INT32' from 'unsigned int' may change the sign of the result
cust/network/udp_client.c:814: warning: conversion to 'INT32' from 'unsigned int' may change the sign of the result
cust/network/udp_client.c:815: warning: conversion to 'size_t' from 'INT32' may change the sign of the result
cust/network/udp_client.c:816: warning: conversion to 'unsigned int' from 'INT32' may change the sign of the result
cust/network/udp_client.c:816: warning: conversion to 'INT32' from 'unsigned int' may change the sign of the result
cust/network/udp_client.c:819: warning: conversion to 'u16_t' from 'INT32' may alter its value
cust/network/udp_client.c:835: warning: conversion to 'INT32' from 'unsigned int' may change the sign of the result
cust/network/udp_client.c:836: warning: conversion to 'size_t' from 'INT32' may change the sign of the result
cust/network/udp_client.c:837: warning: conversion to 'unsigned int' from 'INT32' may change the sign of the result
cust/network/udp_client.c:837: warning: conversion to 'INT32' from 'unsigned int' may change the sign of the result
cust/network/udp_client.c:840: warning: conversion to 'u16_t' from 'INT32' may alter its value
cust/network/udp_client.c:859: warning: conversion to 'u16_t' from 'INT32' may alter its value
cust/network/udp_client.c:856: warning: label 'l_parseend' defined but not used
cust/network/udp_client.c:324: warning: unused variable 'timetemp'
cust/network/udp_client.c:323: warning: unused variable 'pUint'
cust/network/udp_client.c:323: warning: unused variable 'deviceID'
cust/network/udp_client.c:320: warning: unused variable 'pn'
cust/network/udp_client.c:320: warning: unused variable 'pv'
cust/network/udp_client.c:317: warning: unused variable 'iRet'
cust/network/udp_client.c: In function 'udp_client_handle':
cust/network/udp_client.c:902: warning: conversion to 'int' from 'UINT32' may change the sign of the result
cust/network/udp_client.c:904: warning: conversion to 'u16_t' from 'UINT32' may alter its value
cust/network/udp_client.c:884: warning: enumeration value 'DEVREG_STATUS_NOSERIALCODE' not handled in switch
cust/network/udp_client.c: At top level:
cust/network/udp_client.c:43: warning: 'countdown' defined but not used
cust/network/udp_client.c: In function 'udp_client_parse':
cust/network/udp_client.c:320: warning: 'hostPort' may be used uninitialized in this function
cust/network/udp_client.c:320: warning: 'interval' may be used uninitialized in this function
Compiling cust/network/udp_server.c ...
cust/network/udp_server.c: In function 'send_deviceInfo':
cust/network/udp_server.c:55: warning: pointer targets in passing argument 2 of 'xJSON_InitObject' differ in signedness
cust/network/..\xJSON\xJSON.h:11: note: expected 'char *' but argument is of type 'PUCHAR'
cust/network/udp_server.c:67: warning: implicit declaration of function 'IoT_RCTRL_PacketHeaderBuild'
cust/network/udp_server.c:69: warning: conversion to 'unsigned int' from 'int' may change the sign of the result
cust/network/udp_server.c:69: warning: conversion to 'u16_t' from 'unsigned int' may alter its value
cust/network/udp_server.c: In function 'udp_server_handle':
cust/network/udp_server.c:100: warning: unused parameter 'conn'
Compiling cust/printf.c ...
cust/printf.c: In function 'vprintf_help':
cust/printf.c:19: warning: conversion to 'int' from 'unsigned int' may change the sign of the result
cust/printf.c: In function 'vsprintf_help':
cust/printf.c:29: warning: conversion to 'char' from 'unsigned int' may alter its value
Compiling cust/rtmp_data_pub.c ...
cust/rtmp_data_pub.c: In function 'BeaconTimeoutAction':
cust/rtmp_data_pub.c:90: warning: unused parameter 'param'
cust/rtmp_data_pub.c:90: warning: unused parameter 'param2'
cust/rtmp_data_pub.c: In function 'STAHandleRxDataFrame':
cust/rtmp_data_pub.c:309: warning: unused variable 'rawpacketlength'
cust/rtmp_data_pub.c:308: warning: unused variable 'rawpacket'
cust/rtmp_data_pub.c:305: warning: unused parameter 'pRxBlk'
cust/rtmp_data_pub.c: In function 'STAHandleRxMgmtFrame':
cust/rtmp_data_pub.c:403: warning: unused parameter 'pRxBlk'
cust/rtmp_data_pub.c: In function 'STARxDoneInterruptHandle':
cust/rtmp_data_pub.c:586: warning: implicit declaration of function 'Update_Rssi_Sample'
Compiling cust/rule/ruleTask.c ...
Compiling cust/spi-flash_pub.c ...
cust/spi-flash_pub.c: In function 'reflect':
cust/spi-flash_pub.c:94: warning: conversion to 'UINT32' from 'int' may change the sign of the result
cust/spi-flash_pub.c: In function 'crc32':
cust/spi-flash_pub.c:109: warning: conversion to 'UINT32' from 'int' may change the sign of the result
cust/spi-flash_pub.c:112: warning: negative integer implicitly converted to unsigned type
cust/spi-flash_pub.c: In function 'spi_flash_page_write':
cust/spi-flash_pub.c:268: warning: conversion to 'uint16' from 'int' may alter its value
cust/spi-flash_pub.c: In function 'spi_flash_write_func':
cust/spi-flash_pub.c:291: warning: conversion to 'uint16' from 'int' may alter its value
cust/spi-flash_pub.c: In function 'spi_flash_update_fw':
cust/spi-flash_pub.c:384: warning: conversion to 'uint32' from 'int' may change the sign of the result
cust/spi-flash_pub.c: In function 'spi_flash_write':
cust/spi-flash_pub.c:474: warning: conversion to 'UINT16' from 'UINT32' may alter its value
cust/spi-flash_pub.c:479: warning: conversion to 'uint16' from 'int' may alter its value
cust/spi-flash_pub.c: In function 'dump_spi_flash':
cust/spi-flash_pub.c:558: warning: conversion to 'uint16' from 'UINT32' may alter its value
cust/spi-flash_pub.c:578: warning: suggest braces around empty body in an 'if' statement
cust/spi-flash_pub.c:580: warning: conversion to 'uint16' from 'uint32' may alter its value
Compiling cust/stdlib.c ...
cust/stdlib.c: In function 'free':
cust/stdlib.c:23: warning: unused parameter 'ptr'
cust/stdlib.c: In function 'atoi':
cust/stdlib.c:58: warning: conversion to 'uint8' from 'int' may alter its value
cust/stdlib.c:61: warning: conversion to 'uint8' from 'int' may alter its value
cust/stdlib.c:72: warning: conversion to 'int32' from 'uint32' may change the sign of the result
Compiling cust/tcpip/clock-arch.c ...
cust/tcpip/clock-arch.c: In function 'clock_time':
cust/tcpip/clock-arch.c:50: warning: conversion to 'clock_time_t' from 'unsigned int' may change the sign of the result
Compiling cust/tcpip/dhcpc.c ...
cust/tcpip/dhcpc.c: In function 'create_msg':
cust/tcpip/dhcpc.c:184: warning: conversion to 'u8_t' from 'int' may alter its value
cust/tcpip/dhcpc.c:195: warning: conversion to 'size_t' from 'int' may change the sign of the result
cust/tcpip/dhcpc.c:196: warning: conversion to 'unsigned int' from 'int' may change the sign of the result
cust/tcpip/dhcpc.c: In function 'send_discover':
cust/tcpip/dhcpc.c:218: warning: pointer targets in passing argument 1 of 'strlen' differ in signedness
src/include/string.h:25: note: expected 'const char *' but argument is of type 'UCHAR *'
cust/tcpip/dhcpc.c:218: warning: pointer targets in passing argument 3 of 'add_other_options' differ in signedness
cust/tcpip/dhcpc.c:155: note: expected 'PCHAR' but argument is of type 'UCHAR *'
cust/tcpip/dhcpc.c:218: warning: conversion to 'u8_t' from 'size_t' may alter its value
cust/tcpip/dhcpc.c:221: warning: conversion to 'u16_t' from 'int' may alter its value
cust/tcpip/dhcpc.c: In function 'send_request':
cust/tcpip/dhcpc.c:238: warning: pointer targets in passing argument 1 of 'strlen' differ in signedness
src/include/string.h:25: note: expected 'const char *' but argument is of type 'UCHAR *'
cust/tcpip/dhcpc.c:238: warning: pointer targets in passing argument 3 of 'add_other_options' differ in signedness
cust/tcpip/dhcpc.c:155: note: expected 'PCHAR' but argument is of type 'UCHAR *'
cust/tcpip/dhcpc.c:238: warning: conversion to 'u8_t' from 'size_t' may alter its value
cust/tcpip/dhcpc.c:241: warning: conversion to 'u16_t' from 'int' may alter its value
cust/tcpip/dhcpc.c: In function 'parse_msg':
cust/tcpip/dhcpc.c:292: warning: conversion to 'long unsigned int' from 'int' may change the sign of the result
cust/tcpip/dhcpc.c: In function '_handle_dhcp':
cust/tcpip/dhcpc.c:330: warning: conversion to 'u16_t' from 'int' may alter its value
cust/tcpip/dhcpc.c:350: warning: conversion to 'clock_time_t' from 'unsigned int' may change the sign of the result
cust/tcpip/dhcpc.c:367: warning: implicit declaration of function 'onDeviceConnected'
cust/tcpip/dhcpc.c:371: warning: conversion to 'u16_t' from 'int' may alter its value
cust/tcpip/dhcpc.c: In function 'dhcpc_set_state':
cust/tcpip/dhcpc.c:450: warning: conversion to 'char' from 'u8_t' may change the sign of the result
cust/tcpip/dhcpc.c: In function 'dhcpc_get_state':
cust/tcpip/dhcpc.c:455: warning: conversion to 'u8_t' from 'char' may change the sign of the result
cust/tcpip/dhcpc.c: In function 'ws_got_ip_fail':
cust/tcpip/dhcpc.c:506: warning: implicit declaration of function 'setFlagVfyInit'
Compiling cust/tcpip/dhcpd.c ...
Compiling cust/tcpip/iot_tcp_app.c ...
cust/tcpip/iot_tcp_app.c: In function 'iot_tcp_appcall':
cust/tcpip/iot_tcp_app.c:101: warning: unused variable 'addr'
cust/tcpip/iot_tcp_app.c:149: warning: implicit declaration of function 'FOTA_Receive'
cust/tcpip/iot_tcp_app.c:166: warning: implicit declaration of function 'FOTA_poll'
Compiling cust/tcpip/iot_tcpip_interface.c ...
Compiling cust/tcpip/iot_udp_app.c ...
Compiling cust/tcpip/memb.c ...
cust/tcpip/memb.c: In function 'memb_init':
cust/tcpip/memb.c:56: warning: conversion to 'size_t' from 'int' may change the sign of the result
Compiling cust/tcpip/mt76xx_dev.c ...
Compiling cust/tcpip/resolv.c ...
cust/tcpip/resolv.c: In function 'resolv_conf':
cust/tcpip/resolv.c:426: warning: passing argument 1 of 'uip_udp_new' from incompatible pointer type
src/tcpip/uip/uip.h:839: note: expected 'u16_t (*)[2]' but argument is of type 'u16_t *'
Compiling cust/tcpip/sample_resolv_usage.c ...
cust/tcpip/sample_resolv_usage.c: In function 'resolv_found':
cust/tcpip/sample_resolv_usage.c:17: warning: unused parameter 'ipaddr'
Compiling cust/tcpip/tcpip_main.c ...
cust/tcpip/tcpip_main.c: In function 'netif_rx':
cust/tcpip/tcpip_main.c:145: warning: cast increases required alignment of target type
cust/tcpip/tcpip_main.c:155: warning: cast increases required alignment of target type
cust/tcpip/tcpip_main.c: In function 'dhcpc_configured':
cust/tcpip/tcpip_main.c:239: warning: cast discards qualifiers from pointer target type
cust/tcpip/tcpip_main.c:239: warning: cast discards qualifiers from pointer target type
cust/tcpip/tcpip_main.c:240: warning: cast discards qualifiers from pointer target type
cust/tcpip/tcpip_main.c:240: warning: cast discards qualifiers from pointer target type
cust/tcpip/tcpip_main.c:241: warning: cast discards qualifiers from pointer target type
cust/tcpip/tcpip_main.c:241: warning: cast discards qualifiers from pointer target type
cust/tcpip/tcpip_main.c: At top level:
cust/tcpip/tcpip_main.c:55: warning: 'clk' defined but not used
Compiling cust/tcpip/uip-fw.c ...
cust/tcpip/uip-fw.c: In function 'time_exceeded':
cust/tcpip/uip-fw.c:227: warning: cast increases required alignment of target type
cust/tcpip/uip-fw.c:232: warning: cast increases required alignment of target type
cust/tcpip/uip-fw.c:232: warning: cast increases required alignment of target type
cust/tcpip/uip-fw.c:235: warning: cast increases required alignment of target type
cust/tcpip/uip-fw.c:236: warning: cast increases required alignment of target type
cust/tcpip/uip-fw.c:239: warning: cast increases required alignment of target type
cust/tcpip/uip-fw.c:240: warning: cast increases required alignment of target type
cust/tcpip/uip-fw.c:240: warning: cast increases required alignment of target type
cust/tcpip/uip-fw.c:240: warning: cast increases required alignment of target type
cust/tcpip/uip-fw.c:240: warning: conversion to 'u16_t' from 'int' may alter its value
cust/tcpip/uip-fw.c:244: warning: cast increases required alignment of target type
cust/tcpip/uip-fw.c:245: warning: cast increases required alignment of target type
cust/tcpip/uip-fw.c:245: warning: cast increases required alignment of target type
cust/tcpip/uip-fw.c:246: warning: cast increases required alignment of target type
cust/tcpip/uip-fw.c:247: warning: cast increases required alignment of target type
cust/tcpip/uip-fw.c:248: warning: cast increases required alignment of target type
cust/tcpip/uip-fw.c:248: warning: cast increases required alignment of target type
cust/tcpip/uip-fw.c:249: warning: cast increases required alignment of target type
cust/tcpip/uip-fw.c:252: warning: cast increases required alignment of target type
cust/tcpip/uip-fw.c:253: warning: cast increases required alignment of target type
cust/tcpip/uip-fw.c:258: warning: cast increases required alignment of target type
cust/tcpip/uip-fw.c:259: warning: cast increases required alignment of target type
cust/tcpip/uip-fw.c:259: warning: conversion to 'u8_t' from 'u16_t' may alter its value
cust/tcpip/uip-fw.c:262: warning: cast increases required alignment of target type
cust/tcpip/uip-fw.c:263: warning: cast increases required alignment of target type
cust/tcpip/uip-fw.c:264: warning: cast increases required alignment of target type
cust/tcpip/uip-fw.c:264: warning: cast increases required alignment of target type
cust/tcpip/uip-fw.c:265: warning: cast increases required alignment of target type
cust/tcpip/uip-fw.c:266: warning: cast increases required alignment of target type
cust/tcpip/uip-fw.c:269: warning: cast increases required alignment of target type
cust/tcpip/uip-fw.c:270: warning: cast increases required alignment of target type
cust/tcpip/uip-fw.c:270: warning: conversion to 'u16_t' from 'int' may alter its value
cust/tcpip/uip-fw.c: In function 'fwcache_register':
cust/tcpip/uip-fw.c:302: warning: cast increases required alignment of target type
cust/tcpip/uip-fw.c:303: warning: cast increases required alignment of target type
cust/tcpip/uip-fw.c:304: warning: cast increases required alignment of target type
cust/tcpip/uip-fw.c:305: warning: cast increases required alignment of target type
cust/tcpip/uip-fw.c:306: warning: cast increases required alignment of target type
cust/tcpip/uip-fw.c:307: warning: cast increases required alignment of target type
cust/tcpip/uip-fw.c: In function 'find_netif':
cust/tcpip/uip-fw.c:330: warning: cast increases required alignment of target type
cust/tcpip/uip-fw.c: In function 'uip_fw_output':
cust/tcpip/uip-fw.c:371: warning: cast increases required alignment of target type
cust/tcpip/uip-fw.c:372: warning: cast increases required alignment of target type
cust/tcpip/uip-fw.c: In function 'uip_fw_forward':
cust/tcpip/uip-fw.c:412: warning: cast increases required alignment of target type
cust/tcpip/uip-fw.c:413: warning: cast increases required alignment of target type
cust/tcpip/uip-fw.c:436: warning: cast increases required alignment of target type
cust/tcpip/uip-fw.c:437: warning: cast increases required alignment of target type
cust/tcpip/uip-fw.c:438: warning: cast increases required alignment of target type
cust/tcpip/uip-fw.c:439: warning: cast increases required alignment of target type
cust/tcpip/uip-fw.c:440: warning: cast increases required alignment of target type
cust/tcpip/uip-fw.c:445: warning: cast increases required alignment of target type
cust/tcpip/uip-fw.c:454: warning: cast increases required alignment of target type
cust/tcpip/uip-fw.c:456: warning: cast increases required alignment of target type
cust/tcpip/uip-fw.c:456: warning: cast increases required alignment of target type
cust/tcpip/uip-fw.c:463: warning: cast increases required alignment of target type
cust/tcpip/uip-fw.c:463: warning: cast increases required alignment of target type
cust/tcpip/uip-fw.c:463: warning: conversion to 'u8_t' from 'int' may alter its value
cust/tcpip/uip-fw.c:466: warning: cast increases required alignment of target type
cust/tcpip/uip-fw.c:467: warning: cast increases required alignment of target type
cust/tcpip/uip-fw.c:467: warning: cast increases required alignment of target type
cust/tcpip/uip-fw.c:467: warning: conversion to 'u16_t' from 'int' may alter its value
cust/tcpip/uip-fw.c:469: warning: cast increases required alignment of target type
cust/tcpip/uip-fw.c:469: warning: cast increases required alignment of target type
cust/tcpip/uip-fw.c:469: warning: conversion to 'u16_t' from 'int' may alter its value
cust/tcpip/uip-fw.c:478: warning: cast increases required alignment of target type
cust/tcpip/uip-fw.c:478: warning: cast increases required alignment of target type
Compiling cust/tcpip/uip-neighbor.c ...
cust/tcpip/uip-neighbor.c: In function 'uip_neighbor_add':
cust/tcpip/uip-neighbor.c:102: warning: cast increases required alignment of target type
cust/tcpip/uip-neighbor.c:102: warning: cast increases required alignment of target type
Compiling cust/tcpip/uip-split.c ...
cust/tcpip/uip-split.c: In function 'uip_split_output':
cust/tcpip/uip-split.c:54: warning: cast increases required alignment of target type
cust/tcpip/uip-split.c:57: warning: conversion to 'u16_t' from 'int' may alter its value
cust/tcpip/uip-split.c:67: warning: conversion to 'u16_t' from 'int' may alter its value
cust/tcpip/uip-split.c:74: warning: cast increases required alignment of target type
cust/tcpip/uip-split.c:74: warning: conversion to 'u8_t' from 'short unsigned int' may alter its value
cust/tcpip/uip-split.c:75: warning: cast increases required alignment of target type
cust/tcpip/uip-split.c:75: warning: conversion to 'u8_t' from 'short unsigned int' may alter its value
cust/tcpip/uip-split.c:79: warning: cast increases required alignment of target type
cust/tcpip/uip-split.c:80: warning: cast increases required alignment of target type
cust/tcpip/uip-split.c:80: warning: conversion to 'u16_t' from 'int' may alter its value
cust/tcpip/uip-split.c:84: warning: cast increases required alignment of target type
cust/tcpip/uip-split.c:85: warning: cast increases required alignment of target type
cust/tcpip/uip-split.c:85: warning: conversion to 'u16_t' from 'int' may alter its value
cust/tcpip/uip-split.c:97: warning: conversion to 'u16_t' from 'int' may alter its value
cust/tcpip/uip-split.c:104: warning: cast increases required alignment of target type
cust/tcpip/uip-split.c:104: warning: conversion to 'u8_t' from 'short unsigned int' may alter its value
cust/tcpip/uip-split.c:105: warning: cast increases required alignment of target type
cust/tcpip/uip-split.c:105: warning: conversion to 'u8_t' from 'short unsigned int' may alter its value
cust/tcpip/uip-split.c:111: warning: cast increases required alignment of target type
cust/tcpip/uip-split.c:112: warning: cast increases required alignment of target type
cust/tcpip/uip-split.c:113: warning: cast increases required alignment of target type
cust/tcpip/uip-split.c:114: warning: cast increases required alignment of target type
cust/tcpip/uip-split.c:115: warning: cast increases required alignment of target type
cust/tcpip/uip-split.c:118: warning: cast increases required alignment of target type
cust/tcpip/uip-split.c:119: warning: cast increases required alignment of target type
cust/tcpip/uip-split.c:119: warning: conversion to 'u16_t' from 'int' may alter its value
cust/tcpip/uip-split.c:123: warning: cast increases required alignment of target type
cust/tcpip/uip-split.c:124: warning: cast increases required alignment of target type
cust/tcpip/uip-split.c:124: warning: conversion to 'u16_t' from 'int' may alter its value
Compiling cust/tcpip/uip.c ...
cust/tcpip/uip.c: In function 'uip_add32':
cust/tcpip/uip.c:253: warning: conversion to 'u8_t' from 'int' may alter its value
cust/tcpip/uip.c:254: warning: conversion to 'u8_t' from 'int' may alter its value
cust/tcpip/uip.c: In function 'chksum':
cust/tcpip/uip.c:292: warning: conversion to 'u16_t' from 'int' may alter its value
cust/tcpip/uip.c:293: warning: conversion to 'u16_t' from 'int' may alter its value
cust/tcpip/uip.c:301: warning: conversion to 'u16_t' from 'int' may alter its value
cust/tcpip/uip.c:302: warning: conversion to 'u16_t' from 'int' may alter its value
cust/tcpip/uip.c: In function 'uip_ipchksum':
cust/tcpip/uip.c:326: warning: conversion to 'u16_t' from 'int' may alter its value
cust/tcpip/uip.c: In function 'upper_layer_chksum':
cust/tcpip/uip.c:339: warning: cast increases required alignment of target type
cust/tcpip/uip.c:339: warning: cast increases required alignment of target type
cust/tcpip/uip.c:339: warning: conversion to 'u16_t' from 'int' may alter its value
cust/tcpip/uip.c:345: warning: conversion to 'u16_t' from 'int' may alter its value
cust/tcpip/uip.c:347: warning: cast increases required alignment of target type
cust/tcpip/uip.c:353: warning: conversion to 'u16_t' from 'int' may alter its value
cust/tcpip/uip.c: In function 'uip_init':
cust/tcpip/uip.c:397: warning: conversion to 'u8_t' from 'int' may alter its value
cust/tcpip/uip.c: In function '_uip_process':
cust/tcpip/uip.c:772: warning: cast increases required alignment of target type
cust/tcpip/uip.c:777: warning: conversion to 'u8_t' from 'int' may alter its value
cust/tcpip/uip.c:796: warning: cast increases required alignment of target type
cust/tcpip/uip.c:837: warning: cast discards qualifiers from pointer target type
cust/tcpip/uip.c:837: warning: cast discards qualifiers from pointer target type
cust/tcpip/uip.c:869: warning: cast increases required alignment of target type
cust/tcpip/uip.c:884: warning: cast increases required alignment of target type
cust/tcpip/uip.c:884: warning: cast increases required alignment of target type
cust/tcpip/uip.c:885: warning: cast increases required alignment of target type
cust/tcpip/uip.c:885: warning: cast increases required alignment of target type
cust/tcpip/uip.c:885: warning: conversion to 'u16_t' from 'int' may alter its value
cust/tcpip/uip.c:904: warning: cast increases required alignment of target type
cust/tcpip/uip.c:905: warning: cast increases required alignment of target type
cust/tcpip/uip.c:920: warning: cast discards qualifiers from pointer target type
cust/tcpip/uip.c:920: warning: cast discards qualifiers from pointer target type
cust/tcpip/uip.c:939: warning: cast increases required alignment of target type
cust/tcpip/uip.c:940: warning: cast increases required alignment of target type
cust/tcpip/uip.c:940: warning: cast increases required alignment of target type
cust/tcpip/uip.c:949: warning: cast increases required alignment of target type
cust/tcpip/uip.c:949: warning: cast increases required alignment of target type
cust/tcpip/uip.c:977: warning: cast increases required alignment of target type
cust/tcpip/uip.c:984: warning: cast increases required alignment of target type
cust/tcpip/uip.c:991: warning: cast increases required alignment of target type
cust/tcpip/uip.c:1007: warning: cast increases required alignment of target type
cust/tcpip/uip.c:1024: warning: cast increases required alignment of target type
cust/tcpip/uip.c:1026: warning: cast increases required alignment of target type
cust/tcpip/uip.c:1027: warning: cast increases required alignment of target type
cust/tcpip/uip.c:1027: warning: conversion to 'u16_t' from 'int' may alter its value
cust/tcpip/uip.c:1029: warning: cast increases required alignment of target type
cust/tcpip/uip.c:1029: warning: conversion to 'u16_t' from 'int' may alter its value
cust/tcpip/uip.c:1033: warning: cast increases required alignment of target type
cust/tcpip/uip.c:1033: warning: cast increases required alignment of target type
cust/tcpip/uip.c:1033: warning: cast increases required alignment of target type
cust/tcpip/uip.c:1033: warning: cast increases required alignment of target type
cust/tcpip/uip.c:1034: warning: cast increases required alignment of target type
cust/tcpip/uip.c:1034: warning: cast increases required alignment of target type
cust/tcpip/uip.c:1117: warning: conversion to 'u16_t' from 'int' may alter its value
cust/tcpip/uip.c:1119: warning: cast increases required alignment of target type
cust/tcpip/uip.c:1157: warning: cast increases required alignment of target type
cust/tcpip/uip.c:1158: warning: cast increases required alignment of target type
cust/tcpip/uip.c:1159: warning: cast discards qualifiers from pointer target type
cust/tcpip/uip.c:1159: warning: cast discards qualifiers from pointer target type
cust/tcpip/uip.c:1160: warning: cast discards qualifiers from pointer target type
cust/tcpip/uip.c:1160: warning: cast discards qualifiers from pointer target type
cust/tcpip/uip.c:1161: warning: cast increases required alignment of target type
cust/tcpip/uip.c:1161: warning: cast increases required alignment of target type
cust/tcpip/uip.c:1164: warning: cast increases required alignment of target type
cust/tcpip/uip.c:1165: warning: cast increases required alignment of target type
cust/tcpip/uip.c:1165: warning: cast increases required alignment of target type
cust/tcpip/uip.c:1185: warning: cast discards qualifiers from pointer target type
cust/tcpip/uip.c:1185: warning: cast discards qualifiers from pointer target type
cust/tcpip/uip.c:1190: warning: conversion to 'u16_t' from 'int' may alter its value
cust/tcpip/uip.c:1198: warning: cast increases required alignment of target type
cust/tcpip/uip.c:1198: warning: conversion to 'u8_t' from 'short unsigned int' may alter its value
cust/tcpip/uip.c:1199: warning: cast increases required alignment of target type
cust/tcpip/uip.c:1199: warning: conversion to 'u8_t' from 'short unsigned int' may alter its value
cust/tcpip/uip.c:1202: warning: cast increases required alignment of target type
cust/tcpip/uip.c:1203: warning: cast increases required alignment of target type
cust/tcpip/uip.c:1205: warning: cast increases required alignment of target type
cust/tcpip/uip.c:1206: warning: cast increases required alignment of target type
cust/tcpip/uip.c:1208: warning: cast increases required alignment of target type
cust/tcpip/uip.c:1209: warning: cast increases required alignment of target type
cust/tcpip/uip.c:1211: warning: cast increases required alignment of target type
cust/tcpip/uip.c:1211: warning: cast increases required alignment of target type
cust/tcpip/uip.c:1212: warning: cast increases required alignment of target type
cust/tcpip/uip.c:1212: warning: cast increases required alignment of target type
cust/tcpip/uip.c:1216: warning: cast discards qualifiers from pointer target type
cust/tcpip/uip.c:1216: warning: cast discards qualifiers from pointer target type
cust/tcpip/uip.c:1222: warning: cast increases required alignment of target type
cust/tcpip/uip.c:1222: warning: conversion to 'u16_t' from 'int' may alter its value
cust/tcpip/uip.c:1223: warning: cast increases required alignment of target type
cust/tcpip/uip.c:1224: warning: cast increases required alignment of target type
cust/tcpip/uip.c:1251: warning: cast increases required alignment of target type
cust/tcpip/uip.c:1252: warning: cast increases required alignment of target type
cust/tcpip/uip.c:1253: warning: cast increases required alignment of target type
cust/tcpip/uip.c:1253: warning: cast increases required alignment of target type
cust/tcpip/uip.c:1262: warning: cast increases required alignment of target type
cust/tcpip/uip.c:1266: warning: cast increases required alignment of target type
cust/tcpip/uip.c:1278: warning: cast increases required alignment of target type
cust/tcpip/uip.c:1284: warning: cast increases required alignment of target type
cust/tcpip/uip.c:1286: warning: cast increases required alignment of target type
cust/tcpip/uip.c:1289: warning: cast increases required alignment of target type
cust/tcpip/uip.c:1290: warning: cast increases required alignment of target type
cust/tcpip/uip.c:1290: warning: cast increases required alignment of target type
cust/tcpip/uip.c:1291: warning: cast increases required alignment of target type
cust/tcpip/uip.c:1293: warning: cast increases required alignment of target type
cust/tcpip/uip.c:1294: warning: cast increases required alignment of target type
cust/tcpip/uip.c:1294: warning: cast increases required alignment of target type
cust/tcpip/uip.c:1295: warning: cast increases required alignment of target type
cust/tcpip/uip.c:1297: warning: cast increases required alignment of target type
cust/tcpip/uip.c:1298: warning: cast increases required alignment of target type
cust/tcpip/uip.c:1298: warning: cast increases required alignment of target type
cust/tcpip/uip.c:1299: warning: cast increases required alignment of target type
cust/tcpip/uip.c:1301: warning: cast increases required alignment of target type
cust/tcpip/uip.c:1302: warning: cast increases required alignment of target type
cust/tcpip/uip.c:1302: warning: cast increases required alignment of target type
cust/tcpip/uip.c:1303: warning: cast increases required alignment of target type
cust/tcpip/uip.c:1308: warning: cast increases required alignment of target type
cust/tcpip/uip.c:1309: warning: cast increases required alignment of target type
cust/tcpip/uip.c:1310: warning: cast increases required alignment of target type
cust/tcpip/uip.c:1311: warning: cast increases required alignment of target type
cust/tcpip/uip.c:1317: warning: cast increases required alignment of target type
cust/tcpip/uip.c:1318: warning: cast increases required alignment of target type
cust/tcpip/uip.c:1318: warning: cast increases required alignment of target type
cust/tcpip/uip.c:1319: warning: cast increases required alignment of target type
cust/tcpip/uip.c:1322: warning: cast increases required alignment of target type
cust/tcpip/uip.c:1322: warning: cast increases required alignment of target type
cust/tcpip/uip.c:1322: warning: cast increases required alignment of target type
cust/tcpip/uip.c:1322: warning: cast increases required alignment of target type
cust/tcpip/uip.c:1323: warning: cast increases required alignment of target type
cust/tcpip/uip.c:1323: warning: cast increases required alignment of target type
cust/tcpip/uip.c:1367: warning: cast increases required alignment of target type
cust/tcpip/uip.c:1368: warning: cast increases required alignment of target type
cust/tcpip/uip.c:1369: warning: cast increases required alignment of target type
cust/tcpip/uip.c:1369: warning: cast increases required alignment of target type
cust/tcpip/uip.c:1379: warning: cast increases required alignment of target type
cust/tcpip/uip.c:1380: warning: cast increases required alignment of target type
cust/tcpip/uip.c:1381: warning: cast increases required alignment of target type
cust/tcpip/uip.c:1382: warning: cast increases required alignment of target type
cust/tcpip/uip.c:1386: warning: cast increases required alignment of target type
cust/tcpip/uip.c:1387: warning: cast increases required alignment of target type
cust/tcpip/uip.c:1399: warning: conversion to 'u16_t' from 'int' may alter its value
cust/tcpip/uip.c:1401: warning: conversion to 'u16_t' from 'int' may alter its value
cust/tcpip/uip.c:1413: warning: conversion to 'u8_t' from 'int' may alter its value
cust/tcpip/uip.c:1421: warning: cast increases required alignment of target type
cust/tcpip/uip.c:1424: warning: cast increases required alignment of target type
cust/tcpip/uip.c:1432: warning: cast increases required alignment of target type
cust/tcpip/uip.c:1433: warning: cast increases required alignment of target type
cust/tcpip/uip.c:1434: warning: cast increases required alignment of target type
cust/tcpip/uip.c:1435: warning: cast increases required alignment of target type
cust/tcpip/uip.c:1437: warning: cast increases required alignment of target type
cust/tcpip/uip.c:1448: warning: cast increases required alignment of target type
cust/tcpip/uip.c:1457: warning: cast increases required alignment of target type
cust/tcpip/uip.c:1457: warning: conversion to 'u8_t' from 'int' may alter its value
cust/tcpip/uip.c:1461: warning: conversion to 'u16_t' from 'int' may alter its value
cust/tcpip/uip.c:1467: warning: cast increases required alignment of target type
cust/tcpip/uip.c:1468: warning: cast increases required alignment of target type
cust/tcpip/uip.c:1469: warning: cast increases required alignment of target type
cust/tcpip/uip.c:1470: warning: cast increases required alignment of target type
cust/tcpip/uip.c:1471: warning: cast increases required alignment of target type
cust/tcpip/uip.c:1472: warning: cast increases required alignment of target type
cust/tcpip/uip.c:1481: warning: cast increases required alignment of target type
cust/tcpip/uip.c:1484: warning: cast increases required alignment of target type
cust/tcpip/uip.c:1485: warning: cast increases required alignment of target type
cust/tcpip/uip.c:1486: warning: cast increases required alignment of target type
cust/tcpip/uip.c:1487: warning: cast increases required alignment of target type
cust/tcpip/uip.c:1498: warning: conversion to 'signed char' from 'int' may alter its value
cust/tcpip/uip.c:1500: warning: conversion to 'signed char' from 'int' may alter its value
cust/tcpip/uip.c:1501: warning: conversion to 'u8_t' from 'int' may alter its value
cust/tcpip/uip.c:1503: warning: conversion to 'signed char' from 'int' may alter its value
cust/tcpip/uip.c:1505: warning: conversion to 'signed char' from 'int' may alter its value
cust/tcpip/uip.c:1506: warning: conversion to 'u8_t' from 'int' may alter its value
cust/tcpip/uip.c:1507: warning: conversion to 'u8_t' from 'int' may alter its value
cust/tcpip/uip.c:1552: warning: cast increases required alignment of target type
cust/tcpip/uip.c:1555: warning: cast increases required alignment of target type
cust/tcpip/uip.c:1556: warning: cast increases required alignment of target type
cust/tcpip/uip.c:1568: warning: conversion to 'u16_t' from 'int' may alter its value
cust/tcpip/uip.c:1570: warning: conversion to 'u16_t' from 'int' may alter its value
cust/tcpip/uip.c:1582: warning: conversion to 'u8_t' from 'int' may alter its value
cust/tcpip/uip.c:1587: warning: cast increases required alignment of target type
cust/tcpip/uip.c:1588: warning: cast increases required alignment of target type
cust/tcpip/uip.c:1589: warning: cast increases required alignment of target type
cust/tcpip/uip.c:1590: warning: cast increases required alignment of target type
cust/tcpip/uip.c:1619: warning: cast increases required alignment of target type
cust/tcpip/uip.c:1623: warning: conversion to 'u16_t' from 'int' may alter its value
cust/tcpip/uip.c:1633: warning: cast increases required alignment of target type
cust/tcpip/uip.c:1639: warning: cast increases required alignment of target type
cust/tcpip/uip.c:1641: warning: cast increases required alignment of target type
cust/tcpip/uip.c:1641: warning: cast increases required alignment of target type
cust/tcpip/uip.c:1641: warning: conversion to 'u16_t' from 'int' may alter its value
cust/tcpip/uip.c:1647: warning: conversion to 'u16_t' from 'int' may alter its value
cust/tcpip/uip.c:1680: warning: cast increases required alignment of target type
cust/tcpip/uip.c:1680: warning: cast increases required alignment of target type
cust/tcpip/uip.c:1680: warning: conversion to 'u16_t' from 'int' may alter its value
cust/tcpip/uip.c:1711: warning: cast increases required alignment of target type
cust/tcpip/uip.c:1720: warning: cast increases required alignment of target type
cust/tcpip/uip.c:1764: warning: conversion to 'u16_t' from 'int' may alter its value
cust/tcpip/uip.c:1766: warning: cast increases required alignment of target type
cust/tcpip/uip.c:1774: warning: cast increases required alignment of target type
cust/tcpip/uip.c:1796: warning: cast increases required alignment of target type
cust/tcpip/uip.c:1822: warning: cast increases required alignment of target type
cust/tcpip/uip.c:1850: warning: cast increases required alignment of target type
cust/tcpip/uip.c:1854: warning: cast increases required alignment of target type
cust/tcpip/uip.c:1860: warning: cast increases required alignment of target type
cust/tcpip/uip.c:1861: warning: cast increases required alignment of target type
cust/tcpip/uip.c:1862: warning: cast increases required alignment of target type
cust/tcpip/uip.c:1863: warning: cast increases required alignment of target type
cust/tcpip/uip.c:1865: warning: cast increases required alignment of target type
cust/tcpip/uip.c:1866: warning: cast increases required alignment of target type
cust/tcpip/uip.c:1867: warning: cast increases required alignment of target type
cust/tcpip/uip.c:1868: warning: cast increases required alignment of target type
cust/tcpip/uip.c:1870: warning: cast increases required alignment of target type
cust/tcpip/uip.c:1872: warning: cast increases required alignment of target type
cust/tcpip/uip.c:1873: warning: cast increases required alignment of target type
cust/tcpip/uip.c:1875: warning: cast increases required alignment of target type
cust/tcpip/uip.c:1875: warning: cast increases required alignment of target type
cust/tcpip/uip.c:1876: warning: cast increases required alignment of target type
cust/tcpip/uip.c:1876: warning: cast increases required alignment of target type
cust/tcpip/uip.c:1881: warning: cast increases required alignment of target type
cust/tcpip/uip.c:1881: warning: cast increases required alignment of target type
cust/tcpip/uip.c:1883: warning: cast increases required alignment of target type
cust/tcpip/uip.c:1884: warning: cast increases required alignment of target type
cust/tcpip/uip.c:1888: warning: cast increases required alignment of target type
cust/tcpip/uip.c:1895: warning: cast increases required alignment of target type
cust/tcpip/uip.c:1895: warning: conversion to 'u8_t' from 'short unsigned int' may alter its value
cust/tcpip/uip.c:1896: warning: cast increases required alignment of target type
cust/tcpip/uip.c:1896: warning: conversion to 'u8_t' from 'short unsigned int' may alter its value
cust/tcpip/uip.c:1899: warning: cast increases required alignment of target type
cust/tcpip/uip.c:1899: warning: cast increases required alignment of target type
cust/tcpip/uip.c:1902: warning: cast increases required alignment of target type
cust/tcpip/uip.c:1903: warning: cast increases required alignment of target type
cust/tcpip/uip.c:1903: warning: conversion to 'u16_t' from 'int' may alter its value
cust/tcpip/uip.c:1912: warning: cast increases required alignment of target type
cust/tcpip/uip.c:1913: warning: cast increases required alignment of target type
cust/tcpip/uip.c:1914: warning: cast increases required alignment of target type
cust/tcpip/uip.c:1914: warning: cast increases required alignment of target type
cust/tcpip/uip.c:1916: warning: cast increases required alignment of target type
cust/tcpip/uip.c:1916: warning: conversion to 'u8_t' from 'short unsigned int' may alter its value
cust/tcpip/uip.c:1917: warning: cast increases required alignment of target type
cust/tcpip/uip.c:1917: warning: conversion to 'u8_t' from 'short unsigned int' may alter its value
cust/tcpip/uip.c:1919: warning: cast increases required alignment of target type
cust/tcpip/uip.c:1920: warning: cast increases required alignment of target type
cust/tcpip/uip.c:1920: warning: conversion to 'u16_t' from 'int' may alter its value
Compiling cust/tcpip/uip_arp.c ...
cust/tcpip/uip_arp.c: In function 'uip_arp_update':
cust/tcpip/uip_arp.c:209: warning: conversion to 'u8_t' from 'int' may alter its value
cust/tcpip/uip_arp.c: In function 'uip_arp_arpin':
cust/tcpip/uip_arp.c:293: warning: cast increases required alignment of target type
cust/tcpip/uip_arp.c:297: warning: cast increases required alignment of target type
cust/tcpip/uip_arp.c:297: warning: cast increases required alignment of target type
cust/tcpip/uip_arp.c:302: warning: cast increases required alignment of target type
cust/tcpip/uip_arp.c:302: warning: cast increases required alignment of target type
cust/tcpip/uip_arp.c:305: warning: cast increases required alignment of target type
cust/tcpip/uip_arp.c:307: warning: cast increases required alignment of target type
cust/tcpip/uip_arp.c:307: warning: cast increases required alignment of target type
cust/tcpip/uip_arp.c:308: warning: cast increases required alignment of target type
cust/tcpip/uip_arp.c:309: warning: cast increases required alignment of target type
cust/tcpip/uip_arp.c:310: warning: cast increases required alignment of target type
cust/tcpip/uip_arp.c:310: warning: cast increases required alignment of target type
cust/tcpip/uip_arp.c:312: warning: cast increases required alignment of target type
cust/tcpip/uip_arp.c:312: warning: cast increases required alignment of target type
cust/tcpip/uip_arp.c:313: warning: cast increases required alignment of target type
cust/tcpip/uip_arp.c:313: warning: cast increases required alignment of target type
cust/tcpip/uip_arp.c:314: warning: cast increases required alignment of target type
cust/tcpip/uip_arp.c:315: warning: cast increases required alignment of target type
cust/tcpip/uip_arp.c:317: warning: cast increases required alignment of target type
cust/tcpip/uip_arp.c:324: warning: cast increases required alignment of target type
cust/tcpip/uip_arp.c:324: warning: cast increases required alignment of target type
cust/tcpip/uip_arp.c:325: warning: cast increases required alignment of target type
cust/tcpip/uip_arp.c:325: warning: cast increases required alignment of target type
cust/tcpip/uip_arp.c: In function 'uip_arp_out':
cust/tcpip/uip_arp.c:375: warning: cast increases required alignment of target type
cust/tcpip/uip_arp.c:375: warning: cast discards qualifiers from pointer target type
cust/tcpip/uip_arp.c:375: warning: cast increases required alignment of target type
cust/tcpip/uip_arp.c:375: warning: cast discards qualifiers from pointer target type
cust/tcpip/uip_arp.c:376: warning: cast increases required alignment of target type
cust/tcpip/uip_arp.c:379: warning: cast increases required alignment of target type
cust/tcpip/uip_arp.c:379: warning: cast increases required alignment of target type
cust/tcpip/uip_arp.c:386: warning: cast increases required alignment of target type
cust/tcpip/uip_arp.c:386: warning: cast increases required alignment of target type
cust/tcpip/uip_arp.c:400: warning: cast increases required alignment of target type
cust/tcpip/uip_arp.c:401: warning: cast increases required alignment of target type
cust/tcpip/uip_arp.c:402: warning: cast increases required alignment of target type
cust/tcpip/uip_arp.c:403: warning: cast increases required alignment of target type
cust/tcpip/uip_arp.c:405: warning: cast increases required alignment of target type
cust/tcpip/uip_arp.c:405: warning: cast increases required alignment of target type
cust/tcpip/uip_arp.c:406: warning: cast increases required alignment of target type
cust/tcpip/uip_arp.c:406: warning: cast increases required alignment of target type
cust/tcpip/uip_arp.c:407: warning: cast increases required alignment of target type
cust/tcpip/uip_arp.c:408: warning: cast increases required alignment of target type
cust/tcpip/uip_arp.c:409: warning: cast increases required alignment of target type
cust/tcpip/uip_arp.c:410: warning: cast increases required alignment of target type
cust/tcpip/uip_arp.c:411: warning: cast increases required alignment of target type
cust/tcpip/uip_arp.c:412: warning: cast increases required alignment of target type
cust/tcpip/uip_arp.c:421: warning: cast increases required alignment of target type
cust/tcpip/uip_arp.c:423: warning: cast increases required alignment of target type
cust/tcpip/uip_arp.c:425: warning: cast increases required alignment of target type
cust/tcpip/uip_arp.c:427: warning: conversion to 'u16_t' from 'unsigned int' may alter its value
cust/tcpip/uip_arp.c: In function 'uip_get_DestMAC':
cust/tcpip/uip_arp.c:437: warning: cast discards qualifiers from pointer target type
cust/tcpip/uip_arp.c:437: warning: cast discards qualifiers from pointer target type
cust/tcpip/uip_arp.c:438: warning: return discards qualifiers from pointer target type
Compiling cust/tcpip/uip_timer.c ...
Compiling cust/tcpip/uiplib.c ...
cust/tcpip/uiplib.c: In function 'uiplib_ipaddrconv':
cust/tcpip/uiplib.c:64: warning: conversion to 'unsigned char' from 'int' may alter its value
Compiling cust/tcpip/webclient-strings.c ...
Compiling cust/tcpip/webclient.c ...
Compiling cust/time/time.c ...
cust/time/time.c: In function 'my_localtime_r':
cust/time/time.c:12: warning: 'static' is not at beginning of declaration
cust/time/time.c:15: warning: 'static' is not at beginning of declaration
cust/time/time.c:18: warning: conversion to 'long int' from 'INT64' may alter its value
cust/time/time.c:38: warning: conversion to 'long int' from 'long unsigned int' may change the sign of the result
Compiling cust/utils/__divdi3.c ...
cust/utils/__divdi3.c: In function '__divdi3':
cust/utils/__divdi3.c:23: warning: conversion to 'UINT64' from 'INT64' may change the sign of the result
cust/utils/__divdi3.c:23: warning: conversion to 'UINT64' from 'INT64' may change the sign of the result
cust/utils/__divdi3.c:23: warning: conversion to 'INT64' from 'UINT64' may change the sign of the result
Compiling cust/utils/__udivmoddi4.c ...
Compiling cust/utils/cust_timer.c ...
cust/utils/cust_timer.c: In function 'cust_timer_set':
cust/utils/cust_timer.c:7: warning: conversion to 'int' from 'UINT32' may change the sign of the result
cust/utils/cust_timer.c: In function 'cust_timer_restart':
cust/utils/cust_timer.c:17: warning: conversion to 'int' from 'UINT32' may change the sign of the result
cust/utils/cust_timer.c: In function 'cust_timer_expired':
cust/utils/cust_timer.c:22: warning: conversion to 'UINT32' from 'int' may change the sign of the result
Compiling cust/utils/wld_utils.c ...
cust/utils/wld_utils.c: In function 'flash_crc16_ccitt':
cust/utils/wld_utils.c:60: warning: conversion to 'uint16' from 'INT32' may alter its value
cust/utils/wld_utils.c:62: warning: conversion to 'UINT16' from 'int' may alter its value
cust/utils/wld_utils.c: In function '_hexToByte':
cust/utils/wld_utils.c:89: warning: conversion to 'uint8' from 'int' may alter its value
cust/utils/wld_utils.c:91: warning: conversion to 'uint8' from 'int' may alter its value
cust/utils/wld_utils.c:93: warning: conversion to 'uint8' from 'int' may alter its value
cust/utils/wld_utils.c:95: warning: conversion to 'uint8' from 'int' may alter its value
cust/utils/wld_utils.c: In function '_convertToHex':
cust/utils/wld_utils.c:113: warning: array subscript has type 'char'
cust/utils/wld_utils.c:117: warning: conversion to 'CHAR' from 'int' may alter its value
cust/utils/wld_utils.c:119: warning: conversion to 'CHAR' from 'int' may alter its value
cust/utils/wld_utils.c:120: warning: array subscript has type 'char'
cust/utils/wld_utils.c: In function 'status_led_set':
cust/utils/wld_utils.c:132: warning: conversion to 'UINT8' from 'int' may alter its value
cust/utils/wld_utils.c: In function 'devRegCheck':
cust/utils/wld_utils.c:183: warning: conversion to 'USHORT' from 'int' may alter its value
cust/utils/wld_utils.c:183: warning: pointer targets in passing argument 2 of 'Set_ATE_Efuse_Read' differ in signedness
src/include/api/iot_api.h:1394: note: expected 'UINT8 *' but argument is of type 'CHAR *'
cust/utils/wld_utils.c:186: warning: pointer targets in passing argument 1 of 'check_data_valid' differ in signedness
src/include/api/iot_api.h:1110: note: expected 'PUINT8' but argument is of type 'CHAR *'
cust/utils/wld_utils.c:187: warning: pointer targets in passing argument 1 of 'strlen' differ in signedness
src/include/string.h:25: note: expected 'const char *' but argument is of type 'CHAR *'
cust/utils/wld_utils.c:193: warning: pointer targets in passing argument 1 of 'strlen' differ in signedness
src/include/string.h:25: note: expected 'const char *' but argument is of type 'UCHAR *'
cust/utils/wld_utils.c: In function 'parseMacString':
cust/utils/wld_utils.c:213: warning: conversion to 'int' from 'size_t' may change the sign of the result
cust/utils/wld_utils.c:217: warning: conversion to 'uint8' from 'int' may alter its value
cust/utils/wld_utils.c:210: warning: unused variable 'temp'
Compiling cust/utils/xor.c ...
Compiling cust/wifi_task_pub.c ...
cust/wifi_task_pub.c:64: warning: missing initializer
cust/wifi_task_pub.c:64: warning: (near initialization for 'IoTStaFOTACfg.vernumber')
cust/wifi_task_pub.c: In function 'wifiTASK_LowPrioTask':
cust/wifi_task_pub.c:145: warning: implicit declaration of function 'sysTASK_DeassertSignal'
cust/wifi_task_pub.c:158: warning: implicit declaration of function 'handle_FCE_interrupt'
cust/wifi_task_pub.c:173: warning: implicit declaration of function 'SetRec2LoaderFlag'
cust/wifi_task_pub.c:200: warning: implicit declaration of function 'ATEPeriodicExec'
cust/wifi_task_pub.c:221: warning: conversion to 'INT32' from 'UINT32' may change the sign of the result
cust/wifi_task_pub.c:222: warning: implicit declaration of function 'IoT_OTA_Update_FW'
cust/wifi_task_pub.c:222: warning: conversion to 'INT8' from 'int' may alter its value
cust/wifi_task_pub.c:257: warning: implicit declaration of function 'sysTASK_AssertSignal'
cust/wifi_task_pub.c: In function 'wifi_state_machine':
cust/wifi_task_pub.c:317: warning: implicit declaration of function 'onDeviceDisconnected'
cust/wifi_task_pub.c:318: warning: implicit declaration of function 'udp_client_disconnect'
cust/wifi_task_pub.c:319: warning: implicit declaration of function 'udp_broadcast_stop'
cust/wifi_task_pub.c: In function 'ws_init':
cust/wifi_task_pub.c:464: warning: conversion to 'UCHAR' from 'int' may alter its value
cust/wifi_task_pub.c: In function 'ws_smt_conn':
cust/wifi_task_pub.c:498: warning: implicit declaration of function 'SMTCN_process'
Compiling cust/xJSON/xJSON.c ...
In file included from cust/xJSON/xJSON.c:3:
cust/xJSON/..\xMem\xmem.h:41:31: warning: backslash and newline separated by space
cust/xJSON/xJSON.c: In function 'xJSON_putInt':
cust/xJSON/xJSON.c:24: warning: conversion to 'long unsigned int' from 'int' may change the sign of the result
cust/xJSON/xJSON.c:24: warning: conversion to 'int' from 'long unsigned int' may change the sign of the result
cust/xJSON/xJSON.c: In function 'xJSON_putString':
cust/xJSON/xJSON.c:42: warning: conversion to 'long unsigned int' from 'int' may change the sign of the result
cust/xJSON/xJSON.c:42: warning: conversion to 'int' from 'long unsigned int' may change the sign of the result
cust/xJSON/xJSON.c: In function 'xJSON_ObjectStart':
cust/xJSON/xJSON.c:55: warning: conversion to 'long unsigned int' from 'int' may change the sign of the result
cust/xJSON/xJSON.c:55: warning: conversion to 'int' from 'long unsigned int' may change the sign of the result
cust/xJSON/xJSON.c: In function 'xJSON_ArrayStart':
cust/xJSON/xJSON.c:77: warning: conversion to 'long unsigned int' from 'int' may change the sign of the result
cust/xJSON/xJSON.c:77: warning: conversion to 'int' from 'long unsigned int' may change the sign of the result
cust/xJSON/xJSON.c: In function 'xJSON_putProductType':
cust/xJSON/xJSON.c:89: warning: pointer targets in passing argument 2 of 'xJSON_ObjectStart' differ in signedness
cust/xJSON/xJSON.c:45: note: expected 'char *' but argument is of type 'PCHAR'
cust/xJSON/xJSON.c:91: warning: pointer targets in passing argument 3 of 'xJSON_putString' differ in signedness
cust/xJSON/xJSON.c:36: note: expected 'char *' but argument is of type 'UCHAR *'
cust/xJSON/xJSON.c: In function 'xJSON_putMAC':
cust/xJSON/xJSON.c:97: warning: pointer targets in passing argument 2 of 'xJSON_ObjectStart' differ in signedness
cust/xJSON/xJSON.c:45: note: expected 'char *' but argument is of type 'PCHAR'
cust/xJSON/xJSON.c: In function 'xJSON_putVendorID':
cust/xJSON/xJSON.c:105: warning: pointer targets in passing argument 2 of 'xJSON_ObjectStart' differ in signedness
cust/xJSON/xJSON.c:45: note: expected 'char *' but argument is of type 'PCHAR'
cust/xJSON/xJSON.c:107: warning: pointer targets in passing argument 3 of 'xJSON_putString' differ in signedness
cust/xJSON/xJSON.c:36: note: expected 'char *' but argument is of type 'UCHAR *'
cust/xJSON/xJSON.c: In function 'xJSON_putVerCode':
cust/xJSON/xJSON.c:113: warning: pointer targets in passing argument 2 of 'xJSON_ObjectStart' differ in signedness
cust/xJSON/xJSON.c:45: note: expected 'char *' but argument is of type 'PCHAR'
cust/xJSON/xJSON.c: In function 'xJSON_putMCUVerCode':
cust/xJSON/xJSON.c:121: warning: pointer targets in passing argument 2 of 'xJSON_ObjectStart' differ in signedness
cust/xJSON/xJSON.c:45: note: expected 'char *' but argument is of type 'PCHAR'
cust/xJSON/xJSON.c:123: warning: pointer targets in passing argument 3 of 'xJSON_putString' differ in signedness
cust/xJSON/xJSON.c:36: note: expected 'char *' but argument is of type 'CHAR *'
cust/xJSON/xJSON.c: In function 'xJSON_putDeviceID':
cust/xJSON/xJSON.c:129: warning: pointer targets in passing argument 2 of 'xJSON_ObjectStart' differ in signedness
cust/xJSON/xJSON.c:45: note: expected 'char *' but argument is of type 'PCHAR'
cust/xJSON/xJSON.c:131: warning: pointer targets in passing argument 3 of 'xJSON_putString' differ in signedness
cust/xJSON/xJSON.c:36: note: expected 'char *' but argument is of type 'UCHAR *'
cust/xJSON/xJSON.c: In function 'xJSON_putSerialCode':
cust/xJSON/xJSON.c:137: warning: pointer targets in passing argument 2 of 'xJSON_ObjectStart' differ in signedness
cust/xJSON/xJSON.c:45: note: expected 'char *' but argument is of type 'PCHAR'
cust/xJSON/xJSON.c:139: warning: pointer targets in passing argument 3 of 'xJSON_putString' differ in signedness
cust/xJSON/xJSON.c:36: note: expected 'char *' but argument is of type 'CHAR *'
cust/xJSON/xJSON.c: In function 'xJSON_putProductName':
cust/xJSON/xJSON.c:145: warning: pointer targets in passing argument 2 of 'xJSON_ObjectStart' differ in signedness
cust/xJSON/xJSON.c:45: note: expected 'char *' but argument is of type 'PCHAR'
cust/xJSON/xJSON.c:147: warning: pointer targets in passing argument 3 of 'xJSON_putString' differ in signedness
cust/xJSON/xJSON.c:36: note: expected 'char *' but argument is of type 'UCHAR *'
cust/xJSON/xJSON.c: In function 'xJSON_putVendorName':
cust/xJSON/xJSON.c:153: warning: pointer targets in passing argument 2 of 'xJSON_ObjectStart' differ in signedness
cust/xJSON/xJSON.c:45: note: expected 'char *' but argument is of type 'PCHAR'
cust/xJSON/xJSON.c:155: warning: pointer targets in passing argument 3 of 'xJSON_putString' differ in signedness
cust/xJSON/xJSON.c:36: note: expected 'char *' but argument is of type 'UCHAR *'
cust/xJSON/xJSON.c: In function 'xJSON_putAvailableVer':
cust/xJSON/xJSON.c:162: warning: pointer targets in passing argument 2 of 'xJSON_ObjectStart' differ in signedness
cust/xJSON/xJSON.c:45: note: expected 'char *' but argument is of type 'PCHAR'
cust/xJSON/xJSON.c:164: warning: pointer targets in passing argument 3 of 'xJSON_putString' differ in signedness
cust/xJSON/xJSON.c:36: note: expected 'char *' but argument is of type 'UCHAR *'
cust/xJSON/xJSON.c: In function 'xJSON_putAttribute':
cust/xJSON/xJSON.c:171: warning: pointer targets in passing argument 3 of 'xJSON_putString' differ in signedness
cust/xJSON/xJSON.c:36: note: expected 'char *' but argument is of type 'UCHAR *'
Compiling cust/xMem/xmem.c ...
In file included from cust/xMem/xmem.c:3:
cust/xMem/xmem.h:41:31: warning: backslash and newline separated by space
cust/xMem/xmem.c: In function 'xMalloc':
cust/xMem/xmem.c:140: warning: unused parameter 'size'
cust/xMem/xmem.c: In function 'xFree':
cust/xMem/xmem.c:141: warning: unused parameter 'pblk'
Linking out/light/debug/recovery/MT7681_recovery.elf ...
Making out/light/debug/recovery/MT7681_recovery_old.bin ...
Making out/light/debug/recovery/MT7681_recovery_ram.bin ...
Making out/light/debug/recovery/MT7681_recovery_xip.bin ...
Making out/light/debug/recovery/MT7681_recovery_overlay.bin ...
